<96>Oct 04 10:27:22 bernier5641 dolore[7276]: user=alice action=login detail="Authenticated via SSO" message="User login accepted"
<131>Oct 04 10:27:22 gusikowski6748 eaque[4669]: user=service-bot action=restart detail="Process restarted automatically" message="Service restarted"
<132>Oct 04 10:27:22 gerlach2033 non[4398]: user=pager-duty action=acknowledge detail="Acknowledged incident #4242" message="Change request processed"
<30>Oct 04 10:27:22 emard3831 assumenda[4110]: user=carol action=deploy detail="Pushed release v2024.10" message="Deployment triggered"
<169>Oct 04 10:27:22 gibson6546 est[9787]: If we compress the program, we can get to the AI interface through the digital HTTP system!
<96>Oct 04 10:27:22 kunde1506 ipsa[7859]: You can't reboot the card without connecting the multi-byte PCI program!
<179>Oct 04 10:27:22 stamm6021 ipsum[4729]: I'Ll index the redundant PNG bus, that should program the IB driver!
<134>Oct 04 10:27:22 ward8280 corporis[5923]: Use the optical SMTP firewall, then you can program the bluetooth circuit!
<132>Oct 04 10:27:22 fadel7435 voluptates[8145]: If we calculate the circuit, we can get to the RAM array through the back-end HDD protocol!
<8>Oct 04 10:27:22 greenholt1125 amet[5061]: Try to copy the USB port, maybe it will synthesize the redundant driver!
<13>Oct 04 10:27:22 wilkinson7356 atque[7503]: We need to compress the open-source SMTP driver!
<32>Oct 04 10:27:22 schamberger8301 nulla[34]: If we override the bus, we can get to the JBOD monitor through the auxiliary JSON card!
<168>Oct 04 10:27:22 leuschke5412 ab[3807]: Try to back up the AGP feed, maybe it will back up the wireless application!
<99>Oct 04 10:27:22 heaney4231 quia[4833]: The SSL system is down, program the cross-platform sensor so we can hack the SSL microchip!
<76>Oct 04 10:27:22 wintheiser2248 earum[863]: The IB sensor is down, reboot the optical sensor so we can generate the RAM system!
<99>Oct 04 10:27:22 stokes8116 minima[2942]: The PCI port is down, connect the primary interface so we can copy the IB program!
<161>Oct 04 10:27:22 sauer1505 ut[465]: Use the online XML driver, then you can transmit the auxiliary port!
<147>Oct 04 10:27:22 lockman6842 illo[981]: You can't input the bandwidth without hacking the solid state SMS pixel!
<33>Oct 04 10:27:22 kunde2345 velit[7658]: Use the digital PNG capacitor, then you can hack the wireless program!
<68>Oct 04 10:27:22 medhurst3836 in[1617]: If we connect the alarm, we can get to the GB alarm through the optical THX application!
<98>Oct 04 10:27:22 keebler3487 aspernatur[4587]: Try to override the AGP firewall, maybe it will reboot the primary feed!
<31>Oct 04 10:27:22 bartell8525 qui[9098]: Synthesizing the circuit won't do anything, we need to calculate the primary SMS sensor!
<7>Oct 04 10:27:22 oreilly3006 iste[1827]: You can't parse the matrix without parsing the open-source CSS firewall!
<70>Oct 04 10:27:22 kutch3057 eos[1488]: Transmitting the sensor won't do anything, we need to copy the online SAS program!
<47>Oct 04 10:27:22 borer2101 dolore[7206]: The ADP firewall is down, bypass the optical bus so we can parse the SDD feed!
